This is pdfTeX, Version 3.14159265-2.6-1.40.19 (MiKTeX 2.9.6630 64-bit) (preloaded format=pdflatex 2018.4.30)  15 OCT 2018 16:53
entering extended mode
**./safewaterwork.tex
(safewaterwork.tex
LaTeX2e <2017-04-15>
Babel <3.18> and hyphenation patterns for 75 language(s) loaded.
("C:\Users\Archana\AppData\Local\Programs\MiKTeX 2.9\tex\latex\base\article.cls
"
Document Class: article 2014/09/29 v1.4h Standard LaTeX document class
("C:\Users\Archana\AppData\Local\Programs\MiKTeX 2.9\tex\latex\base\size10.clo"
File: size10.clo 2014/09/29 v1.4h Standard LaTeX file (size option)
)
\c@part=\count79
\c@section=\count80
\c@subsection=\count81
\c@subsubsection=\count82
\c@paragraph=\count83
\c@subparagraph=\count84
\c@figure=\count85
\c@table=\count86
\abovecaptionskip=\skip41
\belowcaptionskip=\skip42
\bibindent=\dimen102
)
("C:\Users\Archana\AppData\Local\Programs\MiKTeX 2.9\tex\latex\graphics\graphic
x.sty"
Package: graphicx 2017/06/01 v1.1a Enhanced LaTeX Graphics (DPC,SPQR)

("C:\Users\Archana\AppData\Local\Programs\MiKTeX 2.9\tex\latex\graphics\keyval.
sty"
Package: keyval 2014/10/28 v1.15 key=value parser (DPC)
\KV@toks@=\toks14
)
("C:\Users\Archana\AppData\Local\Programs\MiKTeX 2.9\tex\latex\graphics\graphic
s.sty"
Package: graphics 2017/06/25 v1.2c Standard LaTeX Graphics (DPC,SPQR)

("C:\Users\Archana\AppData\Local\Programs\MiKTeX 2.9\tex\latex\graphics\trig.st
y"
Package: trig 2016/01/03 v1.10 sin cos tan (DPC)
)
("C:\Users\Archana\AppData\Local\Programs\MiKTeX 2.9\tex\latex\graphics-cfg\gra
phics.cfg"
File: graphics.cfg 2016/06/04 v1.11 sample graphics configuration
)
Package graphics Info: Driver file: pdftex.def on input line 99.

("C:\Users\Archana\AppData\Local\Programs\MiKTeX 2.9\tex\latex\graphics-def\pdf
tex.def"
File: pdftex.def 2018/01/08 v1.0l Graphics/color driver for pdftex
))
\Gin@req@height=\dimen103
\Gin@req@width=\dimen104
)
("C:\Users\Archana\AppData\Local\Programs\MiKTeX 2.9\tex\latex\graphics\color.s
ty"
Package: color 2016/07/10 v1.1e Standard LaTeX Color (DPC)

("C:\Users\Archana\AppData\Local\Programs\MiKTeX 2.9\tex\latex\graphics-cfg\col
or.cfg"
File: color.cfg 2016/01/02 v1.6 sample color configuration
)
Package color Info: Driver file: pdftex.def on input line 147.
) (framed.sty
Package: framed 2011/10/22 v 0.96: framed or shaded text with page breaks
\OuterFrameSep=\skip43
\fb@frw=\dimen105
\fb@frh=\dimen106
\FrameRule=\dimen107
\FrameSep=\dimen108
)
("C:\Users\Archana\AppData\Local\Programs\MiKTeX 2.9\tex\latex\base\alltt.sty"
Package: alltt 1997/06/16 v2.0g defines alltt environment
)
("C:\Users\Archana\AppData\Local\Programs\MiKTeX 2.9\tex\latex\graphics\rotatin
g.sty"
Package: rotating 2016/08/11 v2.16d rotated objects in LaTeX

("C:\Users\Archana\AppData\Local\Programs\MiKTeX 2.9\tex\latex\base\ifthen.sty"
Package: ifthen 2014/09/29 v1.1c Standard LaTeX ifthen package (DPC)
)
\c@r@tfl@t=\count87
\rotFPtop=\skip44
\rotFPbot=\skip45
\rot@float@box=\box26
\rot@mess@toks=\toks15
)
("C:\Users\Archana\AppData\Local\Programs\MiKTeX 2.9\tex\latex\base\latexsym.st
y"
Package: latexsym 1998/08/17 v2.2e Standard LaTeX package (lasy symbols)
\symlasy=\mathgroup4
LaTeX Font Info:    Overwriting symbol font `lasy' in version `bold'
(Font)                  U/lasy/m/n --> U/lasy/b/n on input line 52.
)
("C:\Users\Archana\AppData\Local\Programs\MiKTeX 2.9\tex\latex\listings\listing
s.sty"
\lst@mode=\count88
\lst@gtempboxa=\box27
\lst@token=\toks16
\lst@length=\count89
\lst@currlwidth=\dimen109
\lst@column=\count90
\lst@pos=\count91
\lst@lostspace=\dimen110
\lst@width=\dimen111
\lst@newlines=\count92
\lst@lineno=\count93
\lst@maxwidth=\dimen112

("C:\Users\Archana\AppData\Local\Programs\MiKTeX 2.9\tex\latex\listings\lstmisc
.sty"
File: lstmisc.sty 2018/09/02 1.7 (Carsten Heinz)
\c@lstnumber=\count94
\lst@skipnumbers=\count95
\lst@framebox=\box28
)
("C:\Users\Archana\AppData\Local\Programs\MiKTeX 2.9\tex\latex\listings\listing
s.cfg"
File: listings.cfg 2018/09/02 1.7 listings configuration
))
Package: listings 2018/09/02 1.7 (Carsten Heinz)

("C:\Users\Archana\AppData\Local\Programs\MiKTeX 2.9\tex\latex\upquote\upquote.
sty"
Package: upquote 2012/04/19 v1.3 upright-quote and grave-accent glyphs in verba
tim
) (safewaterwork.aux)
\openout1 = `safewaterwork.aux'.

LaTeX Font Info:    Checking defaults for OML/cmm/m/it on input line 94.
LaTeX Font Info:    ... okay on input line 94.
LaTeX Font Info:    Checking defaults for T1/cmr/m/n on input line 94.
LaTeX Font Info:    ... okay on input line 94.
LaTeX Font Info:    Checking defaults for OT1/cmr/m/n on input line 94.
LaTeX Font Info:    ... okay on input line 94.
LaTeX Font Info:    Checking defaults for OMS/cmsy/m/n on input line 94.
LaTeX Font Info:    ... okay on input line 94.
LaTeX Font Info:    Checking defaults for OMX/cmex/m/n on input line 94.
LaTeX Font Info:    ... okay on input line 94.
LaTeX Font Info:    Checking defaults for U/cmr/m/n on input line 94.
LaTeX Font Info:    ... okay on input line 94.

("C:\Users\Archana\AppData\Local\Programs\MiKTeX 2.9\tex\context\base\supp-pdf.
mkii"
[Loading MPS to PDF converter (version 2006.09.02).]
\scratchcounter=\count96
\scratchdimen=\dimen113
\scratchbox=\box29
\nofMPsegments=\count97
\nofMParguments=\count98
\everyMPshowfont=\toks17
\MPscratchCnt=\count99
\MPscratchDim=\dimen114
\MPnumerator=\count100
\makeMPintoPDFobject=\count101
\everyMPtoPDFconversion=\toks18
)
("C:\Users\Archana\AppData\Local\Programs\MiKTeX 2.9\tex\latex\oberdiek\epstopd
f-base.sty"
Package: epstopdf-base 2016/05/15 v2.6 Base part for package epstopdf

("C:\Users\Archana\AppData\Local\Programs\MiKTeX 2.9\tex\generic\oberdiek\infwa
rerr.sty"
Package: infwarerr 2016/05/16 v1.4 Providing info/warning/error messages (HO)
)
("C:\Users\Archana\AppData\Local\Programs\MiKTeX 2.9\tex\latex\oberdiek\grfext.
sty"
Package: grfext 2016/05/16 v1.2 Manage graphics extensions (HO)

("C:\Users\Archana\AppData\Local\Programs\MiKTeX 2.9\tex\generic\oberdiek\kvdef
inekeys.sty"
Package: kvdefinekeys 2016/05/16 v1.4 Define keys (HO)

("C:\Users\Archana\AppData\Local\Programs\MiKTeX 2.9\tex\generic\oberdiek\ltxcm
ds.sty"
Package: ltxcmds 2016/05/16 v1.23 LaTeX kernel commands for general use (HO)
)))
("C:\Users\Archana\AppData\Local\Programs\MiKTeX 2.9\tex\latex\oberdiek\kvoptio
ns.sty"
Package: kvoptions 2016/05/16 v3.12 Key value format for package options (HO)

("C:\Users\Archana\AppData\Local\Programs\MiKTeX 2.9\tex\generic\oberdiek\kvset
keys.sty"
Package: kvsetkeys 2016/05/16 v1.17 Key value parser (HO)

("C:\Users\Archana\AppData\Local\Programs\MiKTeX 2.9\tex\generic\oberdiek\etexc
mds.sty"
Package: etexcmds 2016/05/16 v1.6 Avoid name clashes with e-TeX commands (HO)

("C:\Users\Archana\AppData\Local\Programs\MiKTeX 2.9\tex\generic\oberdiek\iflua
tex.sty"
Package: ifluatex 2016/05/16 v1.4 Provides the ifluatex switch (HO)
Package ifluatex Info: LuaTeX not detected.
)
Package etexcmds Info: Could not find \expanded.
(etexcmds)             That can mean that you are not using pdfTeX 1.50 or
(etexcmds)             that some package has redefined \expanded.
(etexcmds)             In the latter case, load this package earlier.
)))
("C:\Users\Archana\AppData\Local\Programs\MiKTeX 2.9\tex\generic\oberdiek\pdfte
xcmds.sty"
Package: pdftexcmds 2018/01/21 v0.26 Utility functions of pdfTeX for LuaTeX (HO
)

("C:\Users\Archana\AppData\Local\Programs\MiKTeX 2.9\tex\generic\oberdiek\ifpdf
.sty"
Package: ifpdf 2017/03/15 v3.2 Provides the ifpdf switch
)
Package pdftexcmds Info: LuaTeX not detected.
Package pdftexcmds Info: \pdf@primitive is available.
Package pdftexcmds Info: \pdf@ifprimitive is available.
Package pdftexcmds Info: \pdfdraftmode found.
)
Package epstopdf-base Info: Redefining graphics rule for `.eps' on input line 4
38.
Package grfext Info: Graphics extension search list:
(grfext)             [.pdf,.png,.jpg,.mps,.jpeg,.jbig2,.jb2,.PDF,.PNG,.JPG,.JPE
G,.JBIG2,.JB2,.eps]
(grfext)             \AppendGraphicsExtensions on input line 456.
)
("C:\Users\Archana\AppData\Local\Programs\MiKTeX 2.9\tex\latex\base\textcomp.st
y"
Package: textcomp 2017/04/05 v2.0i Standard LaTeX package
Package textcomp Info: Sub-encoding information:
(textcomp)               5 = only ISO-Adobe without \textcurrency
(textcomp)               4 = 5 + \texteuro
(textcomp)               3 = 4 + \textohm
(textcomp)               2 = 3 + \textestimated + \textcurrency
(textcomp)               1 = TS1 - \textcircled - \t
(textcomp)               0 = TS1 (full)
(textcomp)             Font families with sub-encoding setting implement
(textcomp)             only a restricted character set as indicated.
(textcomp)             Family '?' is the default used for unknown fonts.
(textcomp)             See the documentation for details.
Package textcomp Info: Setting ? sub-encoding to TS1/1 on input line 79.

("C:\Users\Archana\AppData\Local\Programs\MiKTeX 2.9\tex\latex\base\ts1enc.def"
File: ts1enc.def 2001/06/05 v3.0e (jk/car/fm) Standard LaTeX file
)
LaTeX Info: Redefining \oldstylenums on input line 334.
Package textcomp Info: Setting cmr sub-encoding to TS1/0 on input line 349.
Package textcomp Info: Setting cmss sub-encoding to TS1/0 on input line 350.
Package textcomp Info: Setting cmtt sub-encoding to TS1/0 on input line 351.
Package textcomp Info: Setting cmvtt sub-encoding to TS1/0 on input line 352.
Package textcomp Info: Setting cmbr sub-encoding to TS1/0 on input line 353.
Package textcomp Info: Setting cmtl sub-encoding to TS1/0 on input line 354.
Package textcomp Info: Setting ccr sub-encoding to TS1/0 on input line 355.
Package textcomp Info: Setting ptm sub-encoding to TS1/4 on input line 356.
Package textcomp Info: Setting pcr sub-encoding to TS1/4 on input line 357.
Package textcomp Info: Setting phv sub-encoding to TS1/4 on input line 358.
Package textcomp Info: Setting ppl sub-encoding to TS1/3 on input line 359.
Package textcomp Info: Setting pag sub-encoding to TS1/4 on input line 360.
Package textcomp Info: Setting pbk sub-encoding to TS1/4 on input line 361.
Package textcomp Info: Setting pnc sub-encoding to TS1/4 on input line 362.
Package textcomp Info: Setting pzc sub-encoding to TS1/4 on input line 363.
Package textcomp Info: Setting bch sub-encoding to TS1/4 on input line 364.
Package textcomp Info: Setting put sub-encoding to TS1/5 on input line 365.
Package textcomp Info: Setting uag sub-encoding to TS1/5 on input line 366.
Package textcomp Info: Setting ugq sub-encoding to TS1/5 on input line 367.
Package textcomp Info: Setting ul8 sub-encoding to TS1/4 on input line 368.
Package textcomp Info: Setting ul9 sub-encoding to TS1/4 on input line 369.
Package textcomp Info: Setting augie sub-encoding to TS1/5 on input line 370.
Package textcomp Info: Setting dayrom sub-encoding to TS1/3 on input line 371.
Package textcomp Info: Setting dayroms sub-encoding to TS1/3 on input line 372.

Package textcomp Info: Setting pxr sub-encoding to TS1/0 on input line 373.
Package textcomp Info: Setting pxss sub-encoding to TS1/0 on input line 374.
Package textcomp Info: Setting pxtt sub-encoding to TS1/0 on input line 375.
Package textcomp Info: Setting txr sub-encoding to TS1/0 on input line 376.
Package textcomp Info: Setting txss sub-encoding to TS1/0 on input line 377.
Package textcomp Info: Setting txtt sub-encoding to TS1/0 on input line 378.
Package textcomp Info: Setting lmr sub-encoding to TS1/0 on input line 379.
Package textcomp Info: Setting lmdh sub-encoding to TS1/0 on input line 380.
Package textcomp Info: Setting lmss sub-encoding to TS1/0 on input line 381.
Package textcomp Info: Setting lmssq sub-encoding to TS1/0 on input line 382.
Package textcomp Info: Setting lmvtt sub-encoding to TS1/0 on input line 383.
Package textcomp Info: Setting lmtt sub-encoding to TS1/0 on input line 384.
Package textcomp Info: Setting qhv sub-encoding to TS1/0 on input line 385.
Package textcomp Info: Setting qag sub-encoding to TS1/0 on input line 386.
Package textcomp Info: Setting qbk sub-encoding to TS1/0 on input line 387.
Package textcomp Info: Setting qcr sub-encoding to TS1/0 on input line 388.
Package textcomp Info: Setting qcs sub-encoding to TS1/0 on input line 389.
Package textcomp Info: Setting qpl sub-encoding to TS1/0 on input line 390.
Package textcomp Info: Setting qtm sub-encoding to TS1/0 on input line 391.
Package textcomp Info: Setting qzc sub-encoding to TS1/0 on input line 392.
Package textcomp Info: Setting qhvc sub-encoding to TS1/0 on input line 393.
Package textcomp Info: Setting futs sub-encoding to TS1/4 on input line 394.
Package textcomp Info: Setting futx sub-encoding to TS1/4 on input line 395.
Package textcomp Info: Setting futj sub-encoding to TS1/4 on input line 396.
Package textcomp Info: Setting hlh sub-encoding to TS1/3 on input line 397.
Package textcomp Info: Setting hls sub-encoding to TS1/3 on input line 398.
Package textcomp Info: Setting hlst sub-encoding to TS1/3 on input line 399.
Package textcomp Info: Setting hlct sub-encoding to TS1/5 on input line 400.
Package textcomp Info: Setting hlx sub-encoding to TS1/5 on input line 401.
Package textcomp Info: Setting hlce sub-encoding to TS1/5 on input line 402.
Package textcomp Info: Setting hlcn sub-encoding to TS1/5 on input line 403.
Package textcomp Info: Setting hlcw sub-encoding to TS1/5 on input line 404.
Package textcomp Info: Setting hlcf sub-encoding to TS1/5 on input line 405.
Package textcomp Info: Setting pplx sub-encoding to TS1/3 on input line 406.
Package textcomp Info: Setting pplj sub-encoding to TS1/3 on input line 407.
Package textcomp Info: Setting ptmx sub-encoding to TS1/4 on input line 408.
Package textcomp Info: Setting ptmj sub-encoding to TS1/4 on input line 409.
)
\c@lstlisting=\count102
LaTeX Font Info:    External font `cmex10' loaded for size
(Font)              <12> on input line 95.
LaTeX Font Info:    External font `cmex10' loaded for size
(Font)              <8> on input line 95.
LaTeX Font Info:    External font `cmex10' loaded for size
(Font)              <6> on input line 95.
LaTeX Font Info:    Try loading font information for U+lasy on input line 95.
 ("C:\Users\Archana\AppData\Local\Programs\MiKTeX 2.9\tex\latex\base\ulasy.fd"
File: ulasy.fd 1998/08/17 v2.2e LaTeX symbol font definitions
)

LaTeX Warning: No \author given.

Package color Info: Redefining color shadecolor on input line 101.
LaTeX Font Info:    Font shape `OT1/cmtt/bx/n' in size <10> not available
(Font)              Font shape `OT1/cmtt/m/n' tried instead on input line 105.
Missing character: There is no Â in font cmtt10!
Missing character: There is no Â in font cmtt10!
Missing character: There is no Â in font cmtt10!
Missing character: There is no Â in font cmtt10!
[1

{C:/Users/Archana/AppData/Local/MiKTeX/2.9/pdftex/config/pdftex.map}]
[2]
<figure/unnamed-chunk-2-1.pdf, id=13, 505.89pt x 505.89pt>
File: figure/unnamed-chunk-2-1.pdf Graphic file (type pdf)
<use figure/unnamed-chunk-2-1.pdf>
Package pdftex.def Info: figure/unnamed-chunk-2-1.pdf  used on input line 214.
(pdftex.def)             Requested size: 469.03268pt x 469.04477pt.

Overfull \hbox (15.0pt too wide) in paragraph at lines 214--215
[][] 
 []

[3 <./figure/unnamed-chunk-2-1.pdf>]
<figure/unnamed-chunk-2-2.pdf, id=23, 505.89pt x 505.89pt>
File: figure/unnamed-chunk-2-2.pdf Graphic file (type pdf)
<use figure/unnamed-chunk-2-2.pdf>
Package pdftex.def Info: figure/unnamed-chunk-2-2.pdf  used on input line 219.
(pdftex.def)             Requested size: 469.03268pt x 469.04477pt.

Overfull \hbox (15.0pt too wide) in paragraph at lines 219--220
[][] 
 []

<figure/unnamed-chunk-2-3.pdf, id=24, 505.89pt x 505.89pt>
File: figure/unnamed-chunk-2-3.pdf Graphic file (type pdf)
<use figure/unnamed-chunk-2-3.pdf>
Package pdftex.def Info: figure/unnamed-chunk-2-3.pdf  used on input line 224.
(pdftex.def)             Requested size: 469.03268pt x 469.04477pt.

Overfull \hbox (15.0pt too wide) in paragraph at lines 224--225
[][] 
 []

[4 <./figure/unnamed-chunk-2-2.pdf>]
LaTeX Font Info:    External font `cmex10' loaded for size
(Font)              <7> on input line 227.
LaTeX Font Info:    External font `cmex10' loaded for size
(Font)              <5> on input line 227.
Package color Info: Redefining color shadecolor on input line 232.
 [5 <./figure/unnamed-chunk-2-3.pdf>]
<figure/unnamed-chunk-3-1.pdf, id=45, 505.89pt x 505.89pt>
File: figure/unnamed-chunk-3-1.pdf Graphic file (type pdf)
<use figure/unnamed-chunk-3-1.pdf>
Package pdftex.def Info: figure/unnamed-chunk-3-1.pdf  used on input line 256.
(pdftex.def)             Requested size: 469.03268pt x 469.04477pt.

Overfull \hbox (15.0pt too wide) in paragraph at lines 256--257
[][] 
 []

[6 <./figure/unnamed-chunk-3-1.pdf>]
<figure/unnamed-chunk-3-2.pdf, id=54, 505.89pt x 505.89pt>
File: figure/unnamed-chunk-3-2.pdf Graphic file (type pdf)
<use figure/unnamed-chunk-3-2.pdf>
Package pdftex.def Info: figure/unnamed-chunk-3-2.pdf  used on input line 275.
(pdftex.def)             Requested size: 469.03268pt x 469.04477pt.

Overfull \hbox (15.0pt too wide) in paragraph at lines 275--276
[][] 
 []

[7 <./figure/unnamed-chunk-3-2.pdf>]
<figure/unnamed-chunk-3-3.pdf, id=64, 505.89pt x 505.89pt>
File: figure/unnamed-chunk-3-3.pdf Graphic file (type pdf)
<use figure/unnamed-chunk-3-3.pdf>
Package pdftex.def Info: figure/unnamed-chunk-3-3.pdf  used on input line 281.
(pdftex.def)             Requested size: 469.03268pt x 469.04477pt.

Overfull \hbox (15.0pt too wide) in paragraph at lines 281--282
[][] 
 []

<figure/unnamed-chunk-3-4.pdf, id=65, 505.89pt x 505.89pt>
File: figure/unnamed-chunk-3-4.pdf Graphic file (type pdf)
<use figure/unnamed-chunk-3-4.pdf>
Package pdftex.def Info: figure/unnamed-chunk-3-4.pdf  used on input line 286.
(pdftex.def)             Requested size: 469.03268pt x 469.04477pt.

Overfull \hbox (15.0pt too wide) in paragraph at lines 286--287
[][] 
 []

[8 <./figure/unnamed-chunk-3-3.pdf>] [9 <./figure/unnamed-chunk-3-4.pdf>]
[10]
Package color Info: Redefining color shadecolor on input line 397.

Overfull \hbox (15.69922pt too wide) in paragraph at lines 428--428
[][]\OT1/cmtt/m/n/10 identify[][]([][]predict[][](fit11b),[] []rstudent[][](fit
11b),[] []labels[][]=[][]row.names[][](database))[] []\OT1/cmtt/m/it/10 # esca
pe to finish[][] 
 []

[11]
<figure/unnamed-chunk-4-1.pdf, id=88, 505.89pt x 505.89pt>
File: figure/unnamed-chunk-4-1.pdf Graphic file (type pdf)
<use figure/unnamed-chunk-4-1.pdf>
Package pdftex.def Info: figure/unnamed-chunk-4-1.pdf  used on input line 431.
(pdftex.def)             Requested size: 469.03268pt x 469.04477pt.

Overfull \hbox (15.0pt too wide) in paragraph at lines 431--432
[][] 
 []

[12]
<figure/unnamed-chunk-4-2.pdf, id=92, 505.89pt x 505.89pt>
File: figure/unnamed-chunk-4-2.pdf Graphic file (type pdf)
<use figure/unnamed-chunk-4-2.pdf>
Package pdftex.def Info: figure/unnamed-chunk-4-2.pdf  used on input line 450.
(pdftex.def)             Requested size: 469.03268pt x 469.04477pt.

Overfull \hbox (15.0pt too wide) in paragraph at lines 450--451
[][] 
 []

[13 <./figure/unnamed-chunk-4-1.pdf>]
<figure/unnamed-chunk-4-3.pdf, id=102, 505.89pt x 505.89pt>
File: figure/unnamed-chunk-4-3.pdf Graphic file (type pdf)
<use figure/unnamed-chunk-4-3.pdf>
Package pdftex.def Info: figure/unnamed-chunk-4-3.pdf  used on input line 456.
(pdftex.def)             Requested size: 469.03268pt x 469.04477pt.

Overfull \hbox (15.0pt too wide) in paragraph at lines 456--457
[][] 
 []

[14 <./figure/unnamed-chunk-4-2.pdf>]
<figure/unnamed-chunk-4-4.pdf, id=112, 505.89pt x 505.89pt>
File: figure/unnamed-chunk-4-4.pdf Graphic file (type pdf)
<use figure/unnamed-chunk-4-4.pdf>
Package pdftex.def Info: figure/unnamed-chunk-4-4.pdf  used on input line 468.
(pdftex.def)             Requested size: 469.03268pt x 469.04477pt.

Overfull \hbox (15.0pt too wide) in paragraph at lines 468--469
[][] 
 []

[15 <./figure/unnamed-chunk-4-3.pdf>] [16 <./figure/unnamed-chunk-4-4.pdf>]
(safewaterwork.aux) ) 
Here is how much of TeX's memory you used:
 3392 strings out of 493305
 51701 string characters out of 3128932
 128539 words of memory out of 3000000
 6893 multiletter control sequences out of 15000+200000
 7647 words of font info for 32 fonts, out of 3000000 for 9000
 1141 hyphenation exceptions out of 8191
 41i,6n,32p,282b,250s stack positions out of 5000i,500n,10000p,200000b,50000s
<C:/Users/Archana/AppData/Local/Programs/MiKTeX 2.9/fonts/
type1/public/amsfonts/cm/cmitt10.pfb><C:/Users/Archana/AppData/Local/Programs/M
iKTeX 2.9/fonts/type1/public/amsfonts/cm/cmmi10.pfb><C:/Users/Archana/AppData/L
ocal/Programs/MiKTeX 2.9/fonts/type1/public/amsfonts/cm/cmmi7.pfb><C:/Users/Arc
hana/AppData/Local/Programs/MiKTeX 2.9/fonts/type1/public/amsfonts/cm/cmr10.pfb
><C:/Users/Archana/AppData/Local/Programs/MiKTeX 2.9/fonts/type1/public/amsfont
s/cm/cmr12.pfb><C:/Users/Archana/AppData/Local/Programs/MiKTeX 2.9/fonts/type1/
public/amsfonts/cm/cmr17.pfb><C:/Users/Archana/AppData/Local/Programs/MiKTeX 2.
9/fonts/type1/public/amsfonts/cm/cmtt10.pfb>
Output written on safewaterwork.pdf (16 pages, 159578 bytes).
PDF statistics:
 153 PDF objects out of 1000 (max. 8388607)
 0 named destinations out of 1000 (max. 500000)
 56 words of extra memory for PDF output out of 10000 (max. 10000000)

